This is pdfTeX, Version 3.141592653-2.6-1.40.27 (TeX Live 2026/dev/Arch Linux) (preloaded format=pdflatex 2025.4.30)  18 JUL 2025 23:04
entering extended mode
 restricted \write18 enabled.
 %&-line parsing enabled.
**document.tex
(./document.tex
LaTeX2e <2024-11-01> patch level 2
L3 programming layer <2025-01-18>
(/usr/share/texmf-dist/tex/latex/base/article.cls
Document Class: article 2024/06/29 v1.4n Standard LaTeX document class
(/usr/share/texmf-dist/tex/latex/base/size12.clo
File: size12.clo 2024/06/29 v1.4n Standard LaTeX file (size option)
)
\c@part=\count196
\c@section=\count197
\c@subsection=\count198
\c@subsubsection=\count199
\c@paragraph=\count266
\c@subparagraph=\count267
\c@figure=\count268
\c@table=\count269
\abovecaptionskip=\skip49
\belowcaptionskip=\skip50
\bibindent=\dimen141
)
(/usr/share/texmf-dist/tex/latex/base/inputenc.sty
Package: inputenc 2024/02/08 v1.3d Input encoding file
\inpenc@prehook=\toks17
\inpenc@posthook=\toks18
)
(/usr/share/texmf-dist/tex/latex/base/fontenc.sty
Package: fontenc 2021/04/29 v2.0v Standard LaTeX package
)
(/usr/share/texmf-dist/tex/latex/amsmath/amsmath.sty
Package: amsmath 2024/11/05 v2.17t AMS math features
\@mathmargin=\skip51

For additional information on amsmath, use the `?' option.
(/usr/share/texmf-dist/tex/latex/amsmath/amstext.sty
Package: amstext 2021/08/26 v2.01 AMS text

(/usr/share/texmf-dist/tex/latex/amsmath/amsgen.sty
File: amsgen.sty 1999/11/30 v2.0 generic functions
\@emptytoks=\toks19
\ex@=\dimen142
))
(/usr/share/texmf-dist/tex/latex/amsmath/amsbsy.sty
Package: amsbsy 1999/11/29 v1.2d Bold Symbols
\pmbraise@=\dimen143
)
(/usr/share/texmf-dist/tex/latex/amsmath/amsopn.sty
Package: amsopn 2022/04/08 v2.04 operator names
)
\inf@bad=\count270
LaTeX Info: Redefining \frac on input line 233.
\uproot@=\count271
\leftroot@=\count272
LaTeX Info: Redefining \overline on input line 398.
LaTeX Info: Redefining \colon on input line 409.
\classnum@=\count273
\DOTSCASE@=\count274
LaTeX Info: Redefining \ldots on input line 495.
LaTeX Info: Redefining \dots on input line 498.
LaTeX Info: Redefining \cdots on input line 619.
\Mathstrutbox@=\box52
\strutbox@=\box53
LaTeX Info: Redefining \big on input line 721.
LaTeX Info: Redefining \Big on input line 722.
LaTeX Info: Redefining \bigg on input line 723.
LaTeX Info: Redefining \Bigg on input line 724.
\big@size=\dimen144
LaTeX Font Info:    Redeclaring font encoding OML on input line 742.
LaTeX Font Info:    Redeclaring font encoding OMS on input line 743.
\macc@depth=\count275
LaTeX Info: Redefining \bmod on input line 904.
LaTeX Info: Redefining \pmod on input line 909.
LaTeX Info: Redefining \smash on input line 939.
LaTeX Info: Redefining \relbar on input line 969.
LaTeX Info: Redefining \Relbar on input line 970.
\c@MaxMatrixCols=\count276
\dotsspace@=\muskip17
\c@parentequation=\count277
\dspbrk@lvl=\count278
\tag@help=\toks20
\row@=\count279
\column@=\count280
\maxfields@=\count281
\andhelp@=\toks21
\eqnshift@=\dimen145
\alignsep@=\dimen146
\tagshift@=\dimen147
\tagwidth@=\dimen148
\totwidth@=\dimen149
\lineht@=\dimen150
\@envbody=\toks22
\multlinegap=\skip52
\multlinetaggap=\skip53
\mathdisplay@stack=\toks23
LaTeX Info: Redefining \[ on input line 2953.
LaTeX Info: Redefining \] on input line 2954.
)
(/usr/share/texmf-dist/tex/latex/geometry/geometry.sty
Package: geometry 2020/01/02 v5.9 Page Geometry

(/usr/share/texmf-dist/tex/latex/graphics/keyval.sty
Package: keyval 2022/05/29 v1.15 key=value parser (DPC)
\KV@toks@=\toks24
)
(/usr/share/texmf-dist/tex/generic/iftex/ifvtex.sty
Package: ifvtex 2019/10/25 v1.7 ifvtex legacy package. Use iftex instead.

(/usr/share/texmf-dist/tex/generic/iftex/iftex.sty
Package: iftex 2024/12/12 v1.0g TeX engine tests
))
\Gm@cnth=\count282
\Gm@cntv=\count283
\c@Gm@tempcnt=\count284
\Gm@bindingoffset=\dimen151
\Gm@wd@mp=\dimen152
\Gm@odd@mp=\dimen153
\Gm@even@mp=\dimen154
\Gm@layoutwidth=\dimen155
\Gm@layoutheight=\dimen156
\Gm@layouthoffset=\dimen157
\Gm@layoutvoffset=\dimen158
\Gm@dimlist=\toks25
)
(/usr/share/texmf-dist/tex/latex/l3backend/l3backend-pdftex.def
File: l3backend-pdftex.def 2024-05-08 L3 backend support: PDF output (pdfTeX)
\l__color_backend_stack_int=\count285
\l__pdf_internal_box=\box54
)
(./document.aux)
\openout1 = `document.aux'.

LaTeX Font Info:    Checking defaults for OML/cmm/m/it on input line 14.
LaTeX Font Info:    ... okay on input line 14.
LaTeX Font Info:    Checking defaults for OMS/cmsy/m/n on input line 14.
LaTeX Font Info:    ... okay on input line 14.
LaTeX Font Info:    Checking defaults for OT1/cmr/m/n on input line 14.
LaTeX Font Info:    ... okay on input line 14.
LaTeX Font Info:    Checking defaults for T1/cmr/m/n on input line 14.
LaTeX Font Info:    ... okay on input line 14.
LaTeX Font Info:    Checking defaults for TS1/cmr/m/n on input line 14.
LaTeX Font Info:    ... okay on input line 14.
LaTeX Font Info:    Checking defaults for OMX/cmex/m/n on input line 14.
LaTeX Font Info:    ... okay on input line 14.
LaTeX Font Info:    Checking defaults for U/cmr/m/n on input line 14.
LaTeX Font Info:    ... okay on input line 14.

*geometry* driver: auto-detecting
*geometry* detected driver: pdftex
*geometry* verbose mode - [ preamble ] result:
* driver: pdftex
* paper: a4paper
* layout: <same size as paper>
* layoutoffset:(h,v)=(0.0pt,0.0pt)
* modes: 
* h-part:(L,W,R)=(72.26999pt, 452.9679pt, 72.26999pt)
* v-part:(T,H,B)=(72.26999pt, 700.50687pt, 72.26999pt)
* \paperwidth=597.50787pt
* \paperheight=845.04684pt
* \textwidth=452.9679pt
* \textheight=700.50687pt
* \oddsidemargin=0.0pt
* \evensidemargin=0.0pt
* \topmargin=-37.0pt
* \headheight=12.0pt
* \headsep=25.0pt
* \topskip=12.0pt
* \footskip=30.0pt
* \marginparwidth=35.0pt
* \marginparsep=10.0pt
* \columnsep=10.0pt
* \skip\footins=10.8pt plus 4.0pt minus 2.0pt
* \hoffset=0.0pt
* \voffset=0.0pt
* \mag=1000
* \@twocolumnfalse
* \@twosidefalse
* \@mparswitchfalse
* \@reversemarginfalse
* (1in=72.27pt=25.4mm, 1cm=28.453pt)



[1

{/var/lib/texmf/fonts/map/pdftex/updmap/pdftex.map}]

[2]

[3]

LaTeX Warning: Citation `RaspberryPi4Specs' on page 4 undefined on input line 6
7.


LaTeX Warning: Citation `ESP32CAMSpecs' on page 4 undefined on input line 70.


LaTeX Warning: Citation `RaspberryPi4Power' on page 4 undefined on input line 7
6.


LaTeX Warning: Citation `ESP32CAMPower' on page 4 undefined on input line 76.



[4]
Overfull \hbox (78.5171pt too wide) in paragraph at lines 95--96
\T1/cmr/m/n/12 ao seu baixo con-sumo de re-cur-sos. Ele é con-fig-u-rado, atrav
és do ar-quivo \T1/cmtt/m/n/12 /etc/lighttpd/lighttpd.conf\T1/cmr/m/n/12 ,
 []



[5]
LaTeX Font Info:    Font shape `T1/cmtt/bx/n' in size <12> not available
(Font)              Font shape `T1/cmtt/m/n' tried instead on input line 97.

Overfull \hbox (38.83537pt too wide) in paragraph at lines 106--107
[]\T1/cmr/bx/n/12 Gerenciamento do Timer Global\T1/cmr/m/n/12 : Um timer global
, per-sis-tido no ar-quivo \T1/cmtt/m/n/12 processes.txt\T1/cmr/m/n/12 ,
 []


Overfull \hbox (43.05537pt too wide) in paragraph at lines 108--109
\T1/cmr/m/n/12 dena a aquisição e o pro-ces-sa-mento das im-a-gens, in-vo-cando
 o ex-e-cutável \T1/cmtt/m/n/12 generate_plant_images\T1/cmr/m/n/12 . 
 []


Overfull \hbox (0.10347pt too wide) in paragraph at lines 112--113
[]\T1/cmr/m/n/12 A \T1/cmtt/m/n/12 application \T1/cmr/m/n/12 tenta bus-car im-
a-gens das câmeras ESP32-CAM atribuí-das (posições
 []


Overfull \hbox (73.35022pt too wide) in paragraph at lines 112--113
\T1/cmr/m/n/12 X, Y, Z) us-ando o co-mando \T1/cmtt/m/n/12 wget\T1/cmr/m/n/12 .
 As im-a-gens são sal-vas como ar-quivos \T1/cmtt/m/n/12 plant_ID_initial_X.jpg
\T1/cmr/m/n/12 ,
 []


Overfull \hbox (86.21292pt too wide) in paragraph at lines 112--113
\T1/cmtt/m/n/12 plant_ID_initial_Y.jpg \T1/cmr/m/n/12 e \T1/cmtt/m/n/12 plant_I
D_initial_Z.jpg \T1/cmr/m/n/12 no di-retório \T1/cmtt/m/n/12 /var/www/html/data
/images/\T1/cmr/m/n/12 . 
 []


Overfull \hbox (13.23611pt too wide) in paragraph at lines 114--115
[]\T1/cmr/m/n/12 Após a aquisição das im-a-gens ini-ci-ais (se-jam elas reais o
u place-hold-ers), a \T1/cmtt/m/n/12 application
 []



[6]
Overfull \hbox (114.60962pt too wide) in paragraph at lines 115--116
\T1/cmr/m/n/12 para seg-men-tação da planta. Cada im-agem pro-ces-sada é salva 
no di-retório \T1/cmtt/m/n/12 /var/www/html/data/images/\T1/cmr/m/n/12 . 
 []


Overfull \hbox (19.6443pt too wide) in paragraph at lines 118--119
[]\T1/cmr/m/n/12 Utilizando o histórico de to-das as medições an-te-ri-ores (le
ndo os ar-quivos \T1/cmtt/m/n/12 _metrics_.txt
 []


Overfull \hbox (178.85pt too wide) in paragraph at lines 118--119
\T1/cmr/m/n/12 ex-is-tentes), o \T1/cmtt/m/n/12 generate_plant_images \T1/cmr/m
/n/12 gera im-a-gens de grá-fi-cos de linha (ex: \T1/cmtt/m/n/12 plant_ID_Canop
y_Area_Ac_graph.png\T1/cmr/m/n/12 ),
 []



[7]

[8]

[9]

[10] (./document.aux)
 ***********
LaTeX2e <2024-11-01> patch level 2
L3 programming layer <2025-01-18>
 ***********


LaTeX Warning: There were undefined references.

 ) 
Here is how much of TeX's memory you used:
 2087 strings out of 473190
 30081 string characters out of 5722593
 433469 words of memory out of 5000000
 25362 multiletter control sequences out of 15000+600000
 573427 words of font info for 67 fonts, out of 8000000 for 9000
 1141 hyphenation exceptions out of 8191
 57i,6n,65p,1468b,225s stack positions out of 10000i,1000n,20000p,200000b,200000s
 </home/user/.texlive/texmf-var/fonts/pk/ljfour/jknappen/ec/ecti1200.600pk> <
/home/user/.texlive/texmf-var/fonts/pk/ljfour/jknappen/ec/ectt1200.600pk> </hom
e/user/.texlive/texmf-var/fonts/pk/ljfour/jknappen/ec/tcrm1200.600pk> </home/us
er/.texlive/texmf-var/fonts/pk/ljfour/jknappen/ec/ecrm0800.600pk> </home/user/.
texlive/texmf-var/fonts/pk/ljfour/jknappen/ec/ecbx1200.600pk> </home/user/.texl
ive/texmf-var/fonts/pk/ljfour/jknappen/ec/ecbx1440.600pk> </home/user/.texlive/
texmf-var/fonts/pk/ljfour/jknappen/ec/ecrm1200.600pk> </home/user/.texlive/texm
f-var/fonts/pk/ljfour/jknappen/ec/ecbx1728.600pk> </home/user/.texlive/texmf-va
r/fonts/pk/ljfour/jknappen/ec/ecrm1095.600pk> </home/user/.texlive/texmf-var/fo
nts/pk/ljfour/jknappen/ec/ecbx1095.600pk> </home/user/.texlive/texmf-var/fonts/
pk/ljfour/jknappen/ec/ecrm1440.600pk> </home/user/.texlive/texmf-var/fonts/pk/l
jfour/jknappen/ec/ecrm2074.600pk></usr/share/texmf-dist/fonts/type1/public/amsf
onts/cm/cmex10.pfb></usr/share/texmf-dist/fonts/type1/public/amsfonts/cm/cmmi12
.pfb></usr/share/texmf-dist/fonts/type1/public/amsfonts/cm/cmmi6.pfb></usr/shar
e/texmf-dist/fonts/type1/public/amsfonts/cm/cmmi8.pfb></usr/share/texmf-dist/fo
nts/type1/public/amsfonts/cm/cmr12.pfb></usr/share/texmf-dist/fonts/type1/publi
c/amsfonts/cm/cmr8.pfb></usr/share/texmf-dist/fonts/type1/public/amsfonts/cm/cm
sy10.pfb>
Output written on document.pdf (10 pages, 227557 bytes).
PDF statistics:
 540 PDF objects out of 1000 (max. 8388607)
 93 compressed objects within 1 object stream
 0 named destinations out of 1000 (max. 500000)
 1 words of extra memory for PDF output out of 10000 (max. 10000000)

